  main.cpp
C:\Users\dell\source\repos\projet poo\projet poo\main.cpp(45,48): warning C4244: 'argument' : conversion de 'int' en 'float', perte possible de données
C:\Users\dell\source\repos\projet poo\projet poo\main.cpp(46,48): warning C4244: 'argument' : conversion de 'int' en 'float', perte possible de données
C:\Users\dell\source\repos\projet poo\projet poo\main.cpp(47,48): warning C4244: 'argument' : conversion de 'int' en 'float', perte possible de données
C:\Users\dell\source\repos\projet poo\projet poo\main.cpp(61,89): warning C4244: 'argument' : conversion de 'int' en 'float', perte possible de données
C:\Users\dell\source\repos\projet poo\projet poo\main.cpp(61,68): warning C4244: 'argument' : conversion de 'int' en 'float', perte possible de données
C:\Users\dell\source\repos\projet poo\projet poo\main.cpp(66,88): warning C4244: 'argument' : conversion de 'int' en 'float', perte possible de données
C:\Users\dell\source\repos\projet poo\projet poo\main.cpp(66,67): warning C4244: 'argument' : conversion de 'int' en 'float', perte possible de données
C:\Users\dell\source\repos\projet poo\projet poo\main.cpp(71,88): warning C4244: 'argument' : conversion de 'int' en 'float', perte possible de données
C:\Users\dell\source\repos\projet poo\projet poo\main.cpp(71,67): warning C4244: 'argument' : conversion de 'int' en 'float', perte possible de données
C:\Users\dell\source\repos\projet poo\projet poo\main.cpp(116,68): warning C4244: 'argument' : conversion de 'int' en 'T', perte possible de données
C:\Users\dell\source\repos\projet poo\projet poo\main.cpp(116,68): warning C4244:         with
C:\Users\dell\source\repos\projet poo\projet poo\main.cpp(116,68): warning C4244:         [
C:\Users\dell\source\repos\projet poo\projet poo\main.cpp(116,68): warning C4244:             T=float
C:\Users\dell\source\repos\projet poo\projet poo\main.cpp(116,68): warning C4244:         ]
C:\Users\dell\source\repos\projet poo\projet poo\main.cpp(116,58): warning C4244: 'argument' : conversion de 'int' en 'T', perte possible de données
C:\Users\dell\source\repos\projet poo\projet poo\main.cpp(116,58): warning C4244:         with
C:\Users\dell\source\repos\projet poo\projet poo\main.cpp(116,58): warning C4244:         [
C:\Users\dell\source\repos\projet poo\projet poo\main.cpp(116,58): warning C4244:             T=float
C:\Users\dell\source\repos\projet poo\projet poo\main.cpp(116,58): warning C4244:         ]
C:\Users\dell\source\repos\projet poo\projet poo\main.cpp(117,54): warning C4244: 'argument' : conversion de 'int' en 'float', perte possible de données
C:\Users\dell\source\repos\projet poo\projet poo\main.cpp(117,40): warning C4244: 'argument' : conversion de 'int' en 'float', perte possible de données
C:\Users\dell\source\repos\projet poo\projet poo\main.cpp(139,60): warning C4244: 'argument' : conversion de 'int' en 'float', perte possible de données
  projet poo.vcxproj -> C:\Users\dell\source\repos\projet poo\Debug\projet poo.exe
